Flow report for generateurPWM
Fri Sep 11 11:17:41 2020
Quartus II Version 9.0 Build 235 06/17/2009 Service Pack 2 SJ Web Edition


---------------------
; Table of Contents ;
---------------------
  1. Legal Notice
  2. Flow Summary
  3. Flow Settings
  4. Flow Non-Default Global Settings
  5. Flow Elapsed Time
  6. Flow OS Summary
  7. Flow Log



----------------
; Legal Notice ;
----------------
Copyright (C) 1991-2009 Altera Corporation
Your use of Altera Corporation's design tools, logic functions 
and other software and tools, and its AMPP partner logic 
functions, and any output files from any of the foregoing 
(including device programming or simulation files), and any 
associated documentation or information are expressly subject 
to the terms and conditions of the Altera Program License 
Subscription Agreement, Altera MegaCore Function License 
Agreement, or other applicable license agreement, including, 
without limitation, that your use is for the sole purpose of 
programming logic devices manufactured by Altera and sold by 
Altera or its authorized distributors.  Please refer to the 
applicable agreement for further details.



+-----------------------------------------------------------------------------------+
; Flow Summary                                                                      ;
+------------------------------------+----------------------------------------------+
; Flow Status                        ; Successful - Fri Sep 11 11:17:41 2020        ;
; Quartus II Version                 ; 9.0 Build 235 06/17/2009 SP 2 SJ Web Edition ;
; Revision Name                      ; generateurPWM                                ;
; Top-level Entity Name              ; generateurPWM                                ;
; Family                             ; Cyclone II                                   ;
; Device                             ; EP2C35F672C6                                 ;
; Timing Models                      ; Final                                        ;
; Met timing requirements            ; Yes                                          ;
; Total logic elements               ; 24 / 33,216 ( < 1 % )                        ;
;     Total combinational functions  ; 24 / 33,216 ( < 1 % )                        ;
;     Dedicated logic registers      ; 8 / 33,216 ( < 1 % )                         ;
; Total registers                    ; 8                                            ;
; Total pins                         ; 8 / 475 ( 2 % )                              ;
; Total virtual pins                 ; 0                                            ;
; Total memory bits                  ; 0 / 483,840 ( 0 % )                          ;
; Embedded Multiplier 9-bit elements ; 0 / 70 ( 0 % )                               ;
; Total PLLs                         ; 0 / 4 ( 0 % )                                ;
+------------------------------------+----------------------------------------------+


+-----------------------------------------+
; Flow Settings                           ;
+-------------------+---------------------+
; Option            ; Setting             ;
+-------------------+---------------------+
; Start date & time ; 09/11/2020 11:17:33 ;
; Main task         ; Compilation         ;
; Revision Name     ; generateurPWM       ;
+-------------------+---------------------+


+----------------------------------------------------------------------------------------------------------------------------------------------------------------------+
; Flow Non-Default Global Settings                                                                                                                                     ;
+------------------------------------+----------------------------------------------------------------------------------+---------------+-------------+----------------+
; Assignment Name                    ; Value                                                                            ; Default Value ; Entity Name ; Section Id     ;
+------------------------------------+----------------------------------------------------------------------------------+---------------+-------------+----------------+
; COMPILER_SIGNATURE_ID              ; 47100569291.159981585308000                                                      ; --            ; --          ; --             ;
; MAX_CORE_JUNCTION_TEMP             ; 85                                                                               ; --            ; --          ; --             ;
; MIN_CORE_JUNCTION_TEMP             ; 0                                                                                ; --            ; --          ; --             ;
; MISC_FILE                          ; C:/Users/Etudiant/Documents/SALAZAR_SANOGO_BINOME7/ProjetPWMQ9/generateurPWM.dpf ; --            ; --          ; --             ;
; PARTITION_COLOR                    ; 16764057                                                                         ; --            ; --          ; Top            ;
; PARTITION_NETLIST_TYPE             ; SOURCE                                                                           ; --            ; --          ; Top            ;
; SYNTH_TIMING_DRIVEN_SYNTHESIS      ; Off                                                                              ; On            ; --          ; --             ;
; USE_GENERATED_PHYSICAL_CONSTRAINTS ; Off                                                                              ; --            ; --          ; eda_blast_fpga ;
+------------------------------------+----------------------------------------------------------------------------------+---------------+-------------+----------------+


+-----------------------------------------------------------------------------------------------------------------------------+
; Flow Elapsed Time                                                                                                           ;
+-------------------------+--------------+-------------------------+---------------------+------------------------------------+
; Module Name             ; Elapsed Time ; Average Processors Used ; Peak Virtual Memory ; Total CPU Time (on all processors) ;
+-------------------------+--------------+-------------------------+---------------------+------------------------------------+
; Analysis & Synthesis    ; 00:00:01     ; 1.0                     ; 228 MB              ; 00:00:01                           ;
; Fitter                  ; 00:00:03     ; 1.0                     ; 271 MB              ; 00:00:03                           ;
; Assembler               ; 00:00:01     ; 1.0                     ; 252 MB              ; 00:00:01                           ;
; Classic Timing Analyzer ; 00:00:00     ; 1.0                     ; 161 MB              ; 00:00:00                           ;
; Total                   ; 00:00:05     ; --                      ; --                  ; 00:00:05                           ;
+-------------------------+--------------+-------------------------+---------------------+------------------------------------+


+------------------------------------------------------------------------------------------+
; Flow OS Summary                                                                          ;
+-------------------------+------------------+---------------+------------+----------------+
; Module Name             ; Machine Hostname ; OS Name       ; OS Version ; Processor type ;
+-------------------------+------------------+---------------+------------+----------------+
; Analysis & Synthesis    ; U4-305p4         ; Windows Vista ; 6.1        ; x86_64         ;
; Fitter                  ; U4-305p4         ; Windows Vista ; 6.1        ; x86_64         ;
; Assembler               ; U4-305p4         ; Windows Vista ; 6.1        ; x86_64         ;
; Classic Timing Analyzer ; U4-305p4         ; Windows Vista ; 6.1        ; x86_64         ;
+-------------------------+------------------+---------------+------------+----------------+


------------
; Flow Log ;
------------
quartus_map --read_settings_files=on --write_settings_files=off generateurPWM -c generateurPWM
quartus_fit --read_settings_files=off --write_settings_files=off generateurPWM -c generateurPWM
quartus_asm --read_settings_files=off --write_settings_files=off generateurPWM -c generateurPWM
quartus_tan --read_settings_files=off --write_settings_files=off generateurPWM -c generateurPWM --timing_analysis_only



